<?xml version="1.0" encoding="UTF-8"?>
<coverage generated="1634496568">
  <project timestamp="1634496568">
    <file name="C:\xampp_v8\htdocs\laragine\laragine\src\Commands\Install.php">
      <class name="Yepwoo\Laragine\Commands\Install" namespace="global">
        <metrics complexity="2" methods="2" coveredmethods="0" conditionals="0" coveredconditionals="0" statements="5" coveredstatements="0" elements="7" coveredelements="0"/>
      </class>
      <line num="29" type="method" name="__construct" visibility="public" complexity="1" crap="2" count="0"/>
      <line num="31" type="stmt" count="0"/>
      <line num="32" type="stmt" count="0"/>
      <line num="39" type="method" name="handle" visibility="public" complexity="1" crap="2" count="0"/>
      <line num="41" type="stmt" count="0"/>
      <line num="42" type="stmt" count="0"/>
      <line num="43" type="stmt" count="0"/>
      <metrics loc="44" ncloc="24" classes="1" methods="2" coveredmethods="0" conditionals="0" coveredconditionals="0" statements="5" coveredstatements="0" elements="7" coveredelements="0"/>
    </file>
    <file name="C:\xampp_v8\htdocs\laragine\laragine\src\Commands\MakeModule.php">
      <class name="Yepwoo\Laragine\Commands\MakeModule" namespace="global">
        <metrics complexity="2" methods="2" coveredmethods="0" conditionals="0" coveredconditionals="0" statements="5" coveredstatements="0" elements="7" coveredelements="0"/>
      </class>
      <line num="29" type="method" name="__construct" visibility="public" complexity="1" crap="2" count="0"/>
      <line num="31" type="stmt" count="0"/>
      <line num="32" type="stmt" count="0"/>
      <line num="34" type="method" name="handle" visibility="public" complexity="1" crap="2" count="0"/>
      <line num="36" type="stmt" count="0"/>
      <line num="37" type="stmt" count="0"/>
      <line num="38" type="stmt" count="0"/>
      <metrics loc="39" ncloc="24" classes="1" methods="2" coveredmethods="0" conditionals="0" coveredconditionals="0" statements="5" coveredstatements="0" elements="7" coveredelements="0"/>
    </file>
    <file name="C:\xampp_v8\htdocs\laragine\laragine\src\Commands\MakeUnit.php">
      <class name="Yepwoo\Laragine\Commands\MakeUnit" namespace="global">
        <metrics complexity="14" methods="2" coveredmethods="0" conditionals="0" coveredconditionals="0" statements="41" coveredstatements="0" elements="43" coveredelements="0"/>
      </class>
      <line num="29" type="method" name="__construct" visibility="public" complexity="1" crap="2" count="0"/>
      <line num="31" type="stmt" count="0"/>
      <line num="32" type="stmt" count="0"/>
      <line num="39" type="method" name="handle" visibility="public" complexity="13" crap="182" count="0"/>
      <line num="41" type="stmt" count="0"/>
      <line num="42" type="stmt" count="0"/>
      <line num="43" type="stmt" count="0"/>
      <line num="45" type="stmt" count="0"/>
      <line num="46" type="stmt" count="0"/>
      <line num="48" type="stmt" count="0"/>
      <line num="50" type="stmt" count="0"/>
      <line num="51" type="stmt" count="0"/>
      <line num="52" type="stmt" count="0"/>
      <line num="53" type="stmt" count="0"/>
      <line num="54" type="stmt" count="0"/>
      <line num="55" type="stmt" count="0"/>
      <line num="56" type="stmt" count="0"/>
      <line num="57" type="stmt" count="0"/>
      <line num="58" type="stmt" count="0"/>
      <line num="59" type="stmt" count="0"/>
      <line num="60" type="stmt" count="0"/>
      <line num="61" type="stmt" count="0"/>
      <line num="62" type="stmt" count="0"/>
      <line num="63" type="stmt" count="0"/>
      <line num="64" type="stmt" count="0"/>
      <line num="65" type="stmt" count="0"/>
      <line num="66" type="stmt" count="0"/>
      <line num="67" type="stmt" count="0"/>
      <line num="68" type="stmt" count="0"/>
      <line num="69" type="stmt" count="0"/>
      <line num="70" type="stmt" count="0"/>
      <line num="71" type="stmt" count="0"/>
      <line num="72" type="stmt" count="0"/>
      <line num="73" type="stmt" count="0"/>
      <line num="74" type="stmt" count="0"/>
      <line num="75" type="stmt" count="0"/>
      <line num="76" type="stmt" count="0"/>
      <line num="77" type="stmt" count="0"/>
      <line num="78" type="stmt" count="0"/>
      <line num="79" type="stmt" count="0"/>
      <line num="80" type="stmt" count="0"/>
      <line num="82" type="stmt" count="0"/>
      <line num="84" type="stmt" count="0"/>
      <metrics loc="85" ncloc="65" classes="1" methods="2" coveredmethods="0" conditionals="0" coveredconditionals="0" statements="41" coveredstatements="0" elements="43" coveredelements="0"/>
    </file>
    <file name="C:\xampp_v8\htdocs\laragine\laragine\src\Core\Base\api.php">
      <metrics loc="1" ncloc="1" classes="0" methods="0" coveredmethods="0" conditionals="0" coveredconditionals="0" statements="0" coveredstatements="0" elements="0" coveredelements="0"/>
    </file>
    <file name="C:\xampp_v8\htdocs\laragine\laragine\src\Core\Base\main.php">
      <line num="15" type="stmt" count="0"/>
      <metrics loc="17" ncloc="8" classes="0" methods="0" coveredmethods="0" conditionals="0" coveredconditionals="0" statements="1" coveredstatements="0" elements="1" coveredelements="0"/>
    </file>
    <file name="C:\xampp_v8\htdocs\laragine\laragine\src\Core\Base\unit_template\_form.blade.php">
      <line num="1" type="stmt" count="0"/>
      <metrics loc="11" ncloc="11" classes="0" methods="0" coveredmethods="0" conditionals="0" coveredconditionals="0" statements="1" coveredstatements="0" elements="1" coveredelements="0"/>
    </file>
    <file name="C:\xampp_v8\htdocs\laragine\laragine\src\Core\Base\unit_template\create.blade.php">
      <line num="1" type="stmt" count="0"/>
      <line num="30" type="stmt" count="0"/>
      <metrics loc="29" ncloc="29" classes="0" methods="0" coveredmethods="0" conditionals="0" coveredconditionals="0" statements="1" coveredstatements="0" elements="1" coveredelements="0"/>
    </file>
    <file name="C:\xampp_v8\htdocs\laragine\laragine\src\Core\Base\unit_template\edit.blade.php">
      <line num="1" type="stmt" count="0"/>
      <line num="30" type="stmt" count="0"/>
      <metrics loc="29" ncloc="29" classes="0" methods="0" coveredmethods="0" conditionals="0" coveredconditionals="0" statements="1" coveredstatements="0" elements="1" coveredelements="0"/>
    </file>
    <file name="C:\xampp_v8\htdocs\laragine\laragine\src\Core\Base\unit_template\index.blade.php">
      <line num="1" type="stmt" count="0"/>
      <line num="58" type="stmt" count="0"/>
      <metrics loc="57" ncloc="57" classes="0" methods="0" coveredmethods="0" conditionals="0" coveredconditionals="0" statements="1" coveredstatements="0" elements="1" coveredelements="0"/>
    </file>
    <file name="C:\xampp_v8\htdocs\laragine\laragine\src\Core\Base\unit_template\show.blade.php">
      <line num="1" type="stmt" count="0"/>
      <metrics loc="35" ncloc="35" classes="0" methods="0" coveredmethods="0" conditionals="0" coveredconditionals="0" statements="1" coveredstatements="0" elements="1" coveredelements="0"/>
    </file>
    <file name="C:\xampp_v8\htdocs\laragine\laragine\src\Core\Base\views\layouts\master.blade.php">
      <line num="1" type="stmt" count="0"/>
      <metrics loc="27" ncloc="27" classes="0" methods="0" coveredmethods="0" conditionals="0" coveredconditionals="0" statements="1" coveredstatements="0" elements="1" coveredelements="0"/>
    </file>
    <file name="C:\xampp_v8\htdocs\laragine\laragine\src\Core\Base\views\layouts\partials\_navbar.blade.php">
      <line num="1" type="stmt" count="0"/>
      <metrics loc="3" ncloc="3" classes="0" methods="0" coveredmethods="0" conditionals="0" coveredconditionals="0" statements="1" coveredstatements="0" elements="1" coveredelements="0"/>
    </file>
    <file name="C:\xampp_v8\htdocs\laragine\laragine\src\Core\Base\views\layouts\partials\_sidebar.blade.php">
      <line num="1" type="stmt" count="0"/>
      <metrics loc="3" ncloc="3" classes="0" methods="0" coveredmethods="0" conditionals="0" coveredconditionals="0" statements="1" coveredstatements="0" elements="1" coveredelements="0"/>
    </file>
    <file name="C:\xampp_v8\htdocs\laragine\laragine\src\Core\Base\web.php">
      <metrics loc="1" ncloc="1" classes="0" methods="0" coveredmethods="0" conditionals="0" coveredconditionals="0" statements="0" coveredstatements="0" elements="0" coveredelements="0"/>
    </file>
    <file name="C:\xampp_v8\htdocs\laragine\laragine\src\Core\Module\main.php">
      <line num="14" type="stmt" count="0"/>
      <metrics loc="16" ncloc="8" classes="0" methods="0" coveredmethods="0" conditionals="0" coveredconditionals="0" statements="1" coveredstatements="0" elements="1" coveredelements="0"/>
    </file>
    <file name="C:\xampp_v8\htdocs\laragine\laragine\src\Generators\Payloads\Commands\Base.php">
      <class name="Yepwoo\Laragine\Generators\Payloads\Commands\Base" namespace="global">
        <metrics complexity="2" methods="2" coveredmethods="0" conditionals="0" coveredconditionals="0" statements="4" coveredstatements="0" elements="6" coveredelements="0"/>
      </class>
      <line num="31" type="method" name="__construct" visibility="public" complexity="1" crap="2" count="0"/>
      <line num="33" type="stmt" count="0"/>
      <line num="34" type="stmt" count="0"/>
      <line num="35" type="stmt" count="0"/>
      <line num="42" type="method" name="run" visibility="public" complexity="1" crap="2" count="0"/>
      <line num="45" type="stmt" count="0"/>
      <metrics loc="46" ncloc="24" classes="1" methods="2" coveredmethods="0" conditionals="0" coveredconditionals="0" statements="4" coveredstatements="0" elements="6" coveredelements="0"/>
    </file>
    <file name="C:\xampp_v8\htdocs\laragine\laragine\src\Generators\Payloads\Commands\Install.php">
      <class name="Yepwoo\Laragine\Generators\Payloads\Commands\Install" namespace="global">
        <metrics complexity="5" methods="2" coveredmethods="0" conditionals="0" coveredconditionals="0" statements="17" coveredstatements="0" elements="19" coveredelements="0"/>
      </class>
      <line num="14" type="method" name="run" visibility="public" complexity="4" crap="20" count="0"/>
      <line num="16" type="stmt" count="0"/>
      <line num="17" type="stmt" count="0"/>
      <line num="18" type="stmt" count="0"/>
      <line num="19" type="stmt" count="0"/>
      <line num="21" type="stmt" count="0"/>
      <line num="22" type="stmt" count="0"/>
      <line num="26" type="stmt" count="0"/>
      <line num="27" type="stmt" count="0"/>
      <line num="29" type="stmt" count="0"/>
      <line num="36" type="method" name="publishRootDirectory" visibility="protected" complexity="1" crap="2" count="0"/>
      <line num="37" type="stmt" count="0"/>
      <line num="38" type="stmt" count="0"/>
      <line num="39" type="stmt" count="0"/>
      <line num="40" type="stmt" count="0"/>
      <line num="42" type="stmt" count="0"/>
      <line num="45" type="stmt" count="0"/>
      <line num="49" type="stmt" count="0"/>
      <line num="50" type="stmt" count="0"/>
      <metrics loc="52" ncloc="42" classes="1" methods="2" coveredmethods="0" conditionals="0" coveredconditionals="0" statements="17" coveredstatements="0" elements="19" coveredelements="0"/>
    </file>
    <file name="C:\xampp_v8\htdocs\laragine\laragine\src\Generators\Payloads\Commands\MakeModule.php">
      <class name="Yepwoo\Laragine\Generators\Payloads\Commands\MakeModule" namespace="global">
        <metrics complexity="7" methods="3" coveredmethods="0" conditionals="0" coveredconditionals="0" statements="31" coveredstatements="0" elements="34" coveredelements="0"/>
      </class>
      <line num="39" type="method" name="__construct" visibility="public" complexity="1" crap="2" count="0"/>
      <line num="41" type="stmt" count="0"/>
      <line num="42" type="stmt" count="0"/>
      <line num="43" type="stmt" count="0"/>
      <line num="44" type="stmt" count="0"/>
      <line num="45" type="stmt" count="0"/>
      <line num="46" type="stmt" count="0"/>
      <line num="53" type="method" name="run" visibility="public" complexity="5" crap="30" count="0"/>
      <line num="55" type="stmt" count="0"/>
      <line num="57" type="stmt" count="0"/>
      <line num="58" type="stmt" count="0"/>
      <line num="59" type="stmt" count="0"/>
      <line num="61" type="stmt" count="0"/>
      <line num="62" type="stmt" count="0"/>
      <line num="63" type="stmt" count="0"/>
      <line num="65" type="stmt" count="0"/>
      <line num="66" type="stmt" count="0"/>
      <line num="70" type="stmt" count="0"/>
      <line num="71" type="stmt" count="0"/>
      <line num="74" type="stmt" count="0"/>
      <line num="76" type="method" name="publishModuleDirectory" visibility="protected" complexity="1" crap="2" count="0"/>
      <line num="77" type="stmt" count="0"/>
      <line num="78" type="stmt" count="0"/>
      <line num="79" type="stmt" count="0"/>
      <line num="81" type="stmt" count="0"/>
      <line num="91" type="stmt" count="0"/>
      <line num="92" type="stmt" count="0"/>
      <line num="94" type="stmt" count="0"/>
      <line num="95" type="stmt" count="0"/>
      <line num="96" type="stmt" count="0"/>
      <line num="97" type="stmt" count="0"/>
      <line num="101" type="stmt" count="0"/>
      <line num="102" type="stmt" count="0"/>
      <line num="103" type="stmt" count="0"/>
      <metrics loc="104" ncloc="79" classes="1" methods="3" coveredmethods="0" conditionals="0" coveredconditionals="0" statements="31" coveredstatements="0" elements="34" coveredelements="0"/>
    </file>
    <file name="C:\xampp_v8\htdocs\laragine\laragine\src\Generators\Payloads\Commands\MakeUnit.php">
      <class name="Yepwoo\Laragine\Generators\Payloads\Commands\MakeUnit" namespace="global">
        <metrics complexity="1" methods="1" coveredmethods="0" conditionals="0" coveredconditionals="0" statements="1" coveredstatements="0" elements="2" coveredelements="0"/>
      </class>
      <line num="12" type="method" name="run" visibility="public" complexity="1" crap="2" count="0"/>
      <line num="15" type="stmt" count="0"/>
      <metrics loc="16" ncloc="11" classes="1" methods="1" coveredmethods="0" conditionals="0" coveredconditionals="0" statements="1" coveredstatements="0" elements="2" coveredelements="0"/>
    </file>
    <file name="C:\xampp_v8\htdocs\laragine\laragine\src\Generators\Payloads\GeneratorFactory.php">
      <class name="Yepwoo\Laragine\Generators\Payloads\GeneratorFactory" namespace="global">
        <metrics complexity="2" methods="2" coveredmethods="0" conditionals="0" coveredconditionals="0" statements="4" coveredstatements="0" elements="6" coveredelements="0"/>
      </class>
      <line num="18" type="method" name="create" visibility="public" complexity="1" crap="2" count="0"/>
      <line num="20" type="stmt" count="0"/>
      <line num="21" type="stmt" count="0"/>
      <line num="22" type="stmt" count="0"/>
      <line num="30" type="method" name="getNameSpace" visibility="private" complexity="1" crap="2" count="0"/>
      <line num="32" type="stmt" count="0"/>
      <metrics loc="34" ncloc="21" classes="1" methods="2" coveredmethods="0" conditionals="0" coveredconditionals="0" statements="4" coveredstatements="0" elements="6" coveredelements="0"/>
    </file>
    <file name="C:\xampp_v8\htdocs\laragine\laragine\src\Generators\Payloads\GeneratorInterface.php">
      <metrics loc="13" ncloc="8" classes="0" methods="0" coveredmethods="0" conditionals="0" coveredconditionals="0" statements="0" coveredstatements="0" elements="0" coveredelements="0"/>
    </file>
    <file name="C:\xampp_v8\htdocs\laragine\laragine\src\Helpers\AttributeHelpers.php">
      <class name="Yepwoo\Laragine\Helpers\AttributeHelpers" namespace="global">
        <metrics complexity="44" methods="13" coveredmethods="0" conditionals="0" coveredconditionals="0" statements="95" coveredstatements="0" elements="108" coveredelements="0"/>
      </class>
      <line num="11" type="method" name="workOnFile" visibility="public" complexity="1" crap="2" count="0"/>
      <line num="12" type="stmt" count="0"/>
      <line num="13" type="stmt" count="0"/>
      <line num="15" type="method" name="readJson" visibility="public" complexity="1" crap="2" count="0"/>
      <line num="17" type="stmt" count="0"/>
      <line num="18" type="stmt" count="0"/>
      <line num="20" type="stmt" count="0"/>
      <line num="21" type="stmt" count="0"/>
      <line num="23" type="stmt" count="0"/>
      <line num="24" type="stmt" count="0"/>
      <line num="26" type="method" name="analyzeData" visibility="public" complexity="3" crap="12" count="0"/>
      <line num="27" type="stmt" count="0"/>
      <line num="28" type="stmt" count="0"/>
      <line num="30" type="stmt" count="0"/>
      <line num="31" type="stmt" count="0"/>
      <line num="35" type="stmt" count="0"/>
      <line num="37" type="method" name="getFormatedAttributes" visibility="public" complexity="14" crap="210" count="0"/>
      <line num="39" type="stmt" count="0"/>
      <line num="44" type="stmt" count="0"/>
      <line num="45" type="stmt" count="0"/>
      <line num="46" type="stmt" count="0"/>
      <line num="48" type="stmt" count="0"/>
      <line num="53" type="stmt" count="0"/>
      <line num="54" type="stmt" count="0"/>
      <line num="55" type="stmt" count="0"/>
      <line num="56" type="stmt" count="0"/>
      <line num="62" type="stmt" count="0"/>
      <line num="65" type="stmt" count="0"/>
      <line num="67" type="stmt" count="0"/>
      <line num="68" type="stmt" count="0"/>
      <line num="69" type="stmt" count="0"/>
      <line num="70" type="stmt" count="0"/>
      <line num="71" type="stmt" count="0"/>
      <line num="72" type="stmt" count="0"/>
      <line num="75" type="stmt" count="0"/>
      <line num="77" type="stmt" count="0"/>
      <line num="78" type="stmt" count="0"/>
      <line num="80" type="stmt" count="0"/>
      <line num="87" type="stmt" count="0"/>
      <line num="88" type="stmt" count="0"/>
      <line num="90" type="stmt" count="0"/>
      <line num="93" type="stmt" count="0"/>
      <line num="94" type="stmt" count="0"/>
      <line num="95" type="stmt" count="0"/>
      <line num="97" type="stmt" count="0"/>
      <line num="101" type="method" name="handleTypeCase" visibility="public" complexity="9" crap="90" count="0"/>
      <line num="103" type="stmt" count="0"/>
      <line num="104" type="stmt" count="0"/>
      <line num="105" type="stmt" count="0"/>
      <line num="107" type="stmt" count="0"/>
      <line num="109" type="stmt" count="0"/>
      <line num="110" type="stmt" count="0"/>
      <line num="115" type="stmt" count="0"/>
      <line num="116" type="stmt" count="0"/>
      <line num="119" type="stmt" count="0"/>
      <line num="123" type="stmt" count="0"/>
      <line num="128" type="stmt" count="0"/>
      <line num="129" type="stmt" count="0"/>
      <line num="130" type="stmt" count="0"/>
      <line num="131" type="stmt" count="0"/>
      <line num="132" type="stmt" count="0"/>
      <line num="133" type="stmt" count="0"/>
      <line num="135" type="stmt" count="0"/>
      <line num="138" type="stmt" count="0"/>
      <line num="144" type="stmt" count="0"/>
      <line num="149" type="stmt" count="0"/>
      <line num="150" type="stmt" count="0"/>
      <line num="152" type="stmt" count="0"/>
      <line num="153" type="stmt" count="0"/>
      <line num="158" type="stmt" count="0"/>
      <line num="161" type="stmt" count="0"/>
      <line num="170" type="stmt" count="0"/>
      <line num="171" type="stmt" count="0"/>
      <line num="172" type="stmt" count="0"/>
      <line num="174" type="stmt" count="0"/>
      <line num="180" type="method" name="inRequestArray" visibility="public" complexity="3" crap="12" count="0"/>
      <line num="182" type="stmt" count="0"/>
      <line num="183" type="stmt" count="0"/>
      <line num="184" type="stmt" count="0"/>
      <line num="185" type="stmt" count="0"/>
      <line num="188" type="stmt" count="0"/>
      <line num="195" type="method" name="handleWorkingOnRequest" visibility="public" complexity="3" crap="12" count="0"/>
      <line num="197" type="stmt" count="0"/>
      <line num="198" type="stmt" count="0"/>
      <line num="199" type="stmt" count="0"/>
      <line num="200" type="stmt" count="0"/>
      <line num="203" type="stmt" count="0"/>
      <line num="207" type="stmt" count="0"/>
      <line num="212" type="method" name="multiple_value_type" visibility="public" complexity="3" crap="12" count="0"/>
      <line num="214" type="stmt" count="0"/>
      <line num="215" type="stmt" count="0"/>
      <line num="216" type="stmt" count="0"/>
      <line num="217" type="stmt" count="0"/>
      <line num="220" type="stmt" count="0"/>
      <line num="227" type="method" name="is_modifier_have_value" visibility="public" complexity="3" crap="12" count="0"/>
      <line num="229" type="stmt" count="0"/>
      <line num="230" type="stmt" count="0"/>
      <line num="231" type="stmt" count="0"/>
      <line num="232" type="stmt" count="0"/>
      <line num="235" type="stmt" count="0"/>
      <line num="241" type="method" name="handleModifierCase" visibility="public" complexity="1" crap="2" count="0"/>
      <line num="243" type="stmt" count="0"/>
      <line num="248" type="method" name="containsDots" visibility="public" complexity="1" crap="2" count="0"/>
      <line num="250" type="stmt" count="0"/>
      <line num="252" type="method" name="getTypeValues" visibility="public" complexity="1" crap="2" count="0"/>
      <line num="254" type="stmt" count="0"/>
      <line num="256" type="method" name="isHaveNullableType" visibility="public" complexity="1" crap="2" count="0"/>
      <line num="258" type="stmt" count="0"/>
      <metrics loc="261" ncloc="223" classes="1" methods="13" coveredmethods="0" conditionals="0" coveredconditionals="0" statements="95" coveredstatements="0" elements="108" coveredelements="0"/>
    </file>
    <file name="C:\xampp_v8\htdocs\laragine\laragine\src\Helpers\Attributes.php">
      <class name="Yepwoo\Laragine\Helpers\Attributes" namespace="global">
        <metrics complexity="13" methods="7" coveredmethods="0" conditionals="0" coveredconditionals="0" statements="33" coveredstatements="0" elements="40" coveredelements="0"/>
      </class>
      <line num="16" type="method" name="__construct" visibility="public" complexity="2" crap="6" count="0"/>
      <line num="17" type="stmt" count="0"/>
      <line num="18" type="stmt" count="0"/>
      <line num="20" type="stmt" count="0"/>
      <line num="21" type="stmt" count="0"/>
      <line num="22" type="stmt" count="0"/>
      <line num="25" type="stmt" count="0"/>
      <line num="27" type="method" name="readJson" visibility="private" complexity="1" crap="2" count="0"/>
      <line num="28" type="stmt" count="0"/>
      <line num="29" type="stmt" count="0"/>
      <line num="31" type="stmt" count="0"/>
      <line num="32" type="stmt" count="0"/>
      <line num="34" type="stmt" count="0"/>
      <line num="35" type="stmt" count="0"/>
      <line num="37" type="method" name="analyzeData" visibility="private" complexity="3" crap="12" count="0"/>
      <line num="38" type="stmt" count="0"/>
      <line num="39" type="stmt" count="0"/>
      <line num="41" type="stmt" count="0"/>
      <line num="42" type="stmt" count="0"/>
      <line num="45" type="stmt" count="0"/>
      <line num="47" type="method" name="getFilesStrArr" visibility="public" complexity="1" crap="2" count="0"/>
      <line num="49" type="stmt" count="0"/>
      <line num="58" type="method" name="is_modifier_have_value" visibility="public" complexity="3" crap="12" count="0"/>
      <line num="60" type="stmt" count="0"/>
      <line num="61" type="stmt" count="0"/>
      <line num="62" type="stmt" count="0"/>
      <line num="63" type="stmt" count="0"/>
      <line num="66" type="stmt" count="0"/>
      <line num="69" type="method" name="isHaveNullableType" visibility="public" complexity="1" crap="2" count="0"/>
      <line num="71" type="stmt" count="0"/>
      <line num="77" type="method" name="isRunInitCommand" visibility="public" complexity="2" crap="6" count="0"/>
      <line num="79" type="stmt" count="0"/>
      <line num="80" type="stmt" count="0"/>
      <line num="81" type="stmt" count="0"/>
      <line num="82" type="stmt" count="0"/>
      <line num="83" type="stmt" count="0"/>
      <line num="84" type="stmt" count="0"/>
      <line num="86" type="stmt" count="0"/>
      <line num="87" type="stmt" count="0"/>
      <line num="89" type="stmt" count="0"/>
      <metrics loc="92" ncloc="84" classes="1" methods="7" coveredmethods="0" conditionals="0" coveredconditionals="0" statements="33" coveredstatements="0" elements="40" coveredelements="0"/>
    </file>
    <file name="C:\xampp_v8\htdocs\laragine\laragine\src\Helpers\BaseHelpers.php">
      <class name="Yepwoo\Laragine\Helpers\BaseHelpers" namespace="global">
        <metrics complexity="15" methods="4" coveredmethods="0" conditionals="0" coveredconditionals="0" statements="39" coveredstatements="0" elements="43" coveredelements="0"/>
      </class>
      <line num="9" type="method" name="createFolders" visibility="public" complexity="5" crap="30" count="0"/>
      <line num="10" type="stmt" count="0"/>
      <line num="12" type="stmt" count="0"/>
      <line num="13" type="stmt" count="0"/>
      <line num="14" type="stmt" count="0"/>
      <line num="17" type="stmt" count="0"/>
      <line num="18" type="stmt" count="0"/>
      <line num="21" type="stmt" count="0"/>
      <line num="22" type="stmt" count="0"/>
      <line num="23" type="stmt" count="0"/>
      <line num="24" type="stmt" count="0"/>
      <line num="27" type="stmt" count="0"/>
      <line num="32" type="method" name="createFiles" visibility="public" complexity="2" crap="6" count="0"/>
      <line num="35" type="stmt" count="0"/>
      <line num="36" type="stmt" count="0"/>
      <line num="37" type="stmt" count="0"/>
      <line num="38" type="stmt" count="0"/>
      <line num="39" type="stmt" count="0"/>
      <line num="41" type="stmt" count="0"/>
      <line num="43" type="method" name="createViewsFolders" visibility="public" complexity="4" crap="20" count="0"/>
      <line num="45" type="stmt" count="0"/>
      <line num="46" type="stmt" count="0"/>
      <line num="47" type="stmt" count="0"/>
      <line num="48" type="stmt" count="0"/>
      <line num="49" type="stmt" count="0"/>
      <line num="55" type="stmt" count="0"/>
      <line num="56" type="stmt" count="0"/>
      <line num="58" type="stmt" count="0"/>
      <line num="61" type="method" name="createViewsFiles" visibility="public" complexity="4" crap="20" count="0"/>
      <line num="62" type="stmt" count="0"/>
      <line num="63" type="stmt" count="0"/>
      <line num="68" type="stmt" count="0"/>
      <line num="69" type="stmt" count="0"/>
      <line num="70" type="stmt" count="0"/>
      <line num="71" type="stmt" count="0"/>
      <line num="72" type="stmt" count="0"/>
      <line num="73" type="stmt" count="0"/>
      <line num="82" type="stmt" count="0"/>
      <line num="83" type="stmt" count="0"/>
      <line num="84" type="stmt" count="0"/>
      <line num="85" type="stmt" count="0"/>
      <line num="86" type="stmt" count="0"/>
      <line num="88" type="stmt" count="0"/>
      <metrics loc="89" ncloc="73" classes="1" methods="4" coveredmethods="0" conditionals="0" coveredconditionals="0" statements="39" coveredstatements="0" elements="43" coveredelements="0"/>
    </file>
    <file name="C:\xampp_v8\htdocs\laragine\laragine\src\Helpers\Error.php">
      <class name="Yepwoo\Laragine\Helpers\Error" namespace="global">
        <metrics complexity="27" methods="8" coveredmethods="0" conditionals="0" coveredconditionals="0" statements="47" coveredstatements="0" elements="55" coveredelements="0"/>
      </class>
      <line num="8" type="method" name="__construct" visibility="public" complexity="1" crap="2" count="0"/>
      <line num="9" type="stmt" count="0"/>
      <line num="10" type="stmt" count="0"/>
      <line num="12" type="method" name="validate" visibility="public" complexity="1" crap="2" count="0"/>
      <line num="14" type="stmt" count="0"/>
      <line num="17" type="method" name="validateAttributes" visibility="public" complexity="8" crap="72" count="0"/>
      <line num="19" type="stmt" count="0"/>
      <line num="20" type="stmt" count="0"/>
      <line num="21" type="stmt" count="0"/>
      <line num="22" type="stmt" count="0"/>
      <line num="25" type="stmt" count="0"/>
      <line num="26" type="stmt" count="0"/>
      <line num="27" type="stmt" count="0"/>
      <line num="28" type="stmt" count="0"/>
      <line num="30" type="stmt" count="0"/>
      <line num="31" type="stmt" count="0"/>
      <line num="32" type="stmt" count="0"/>
      <line num="33" type="stmt" count="0"/>
      <line num="37" type="stmt" count="0"/>
      <line num="40" type="method" name="validateModifiers" visibility="private" complexity="4" crap="20" count="0"/>
      <line num="42" type="stmt" count="0"/>
      <line num="43" type="stmt" count="0"/>
      <line num="44" type="stmt" count="0"/>
      <line num="45" type="stmt" count="0"/>
      <line num="46" type="stmt" count="0"/>
      <line num="47" type="stmt" count="0"/>
      <line num="48" type="stmt" count="0"/>
      <line num="52" type="stmt" count="0"/>
      <line num="54" type="method" name="validateTypes" visibility="private" complexity="5" crap="30" count="0"/>
      <line num="56" type="stmt" count="0"/>
      <line num="57" type="stmt" count="0"/>
      <line num="58" type="stmt" count="0"/>
      <line num="61" type="stmt" count="0"/>
      <line num="62" type="stmt" count="0"/>
      <line num="65" type="stmt" count="0"/>
      <line num="68" type="method" name="isSingle" visibility="private" complexity="3" crap="12" count="0"/>
      <line num="70" type="stmt" count="0"/>
      <line num="71" type="stmt" count="0"/>
      <line num="73" type="stmt" count="0"/>
      <line num="74" type="stmt" count="0"/>
      <line num="75" type="stmt" count="0"/>
      <line num="77" type="stmt" count="0"/>
      <line num="80" type="stmt" count="0"/>
      <line num="83" type="method" name="isMultiple" visibility="private" complexity="4" crap="20" count="0"/>
      <line num="85" type="stmt" count="0"/>
      <line num="87" type="stmt" count="0"/>
      <line num="88" type="stmt" count="0"/>
      <line num="89" type="stmt" count="0"/>
      <line num="90" type="stmt" count="0"/>
      <line num="91" type="stmt" count="0"/>
      <line num="93" type="stmt" count="0"/>
      <line num="96" type="stmt" count="0"/>
      <line num="100" type="stmt" count="0"/>
      <line num="106" type="method" name="containsDots" visibility="public" complexity="1" crap="2" count="0"/>
      <line num="108" type="stmt" count="0"/>
      <metrics loc="111" ncloc="105" classes="1" methods="8" coveredmethods="0" conditionals="0" coveredconditionals="0" statements="47" coveredstatements="0" elements="55" coveredelements="0"/>
    </file>
    <file name="C:\xampp_v8\htdocs\laragine\laragine\src\Helpers\FactoryOperation.php">
      <class name="Yepwoo\Laragine\Helpers\FactoryOperation" namespace="global">
        <metrics complexity="34" methods="8" coveredmethods="0" conditionals="0" coveredconditionals="0" statements="75" coveredstatements="0" elements="83" coveredelements="0"/>
      </class>
      <line num="11" type="method" name="__construct" visibility="public" complexity="1" crap="2" count="0"/>
      <line num="13" type="stmt" count="0"/>
      <line num="14" type="stmt" count="0"/>
      <line num="15" type="stmt" count="0"/>
      <line num="16" type="stmt" count="0"/>
      <line num="18" type="method" name="handleFactoryFile" visibility="public" complexity="17" crap="306" count="0"/>
      <line num="19" type="stmt" count="0"/>
      <line num="21" type="stmt" count="0"/>
      <line num="22" type="stmt" count="0"/>
      <line num="23" type="stmt" count="0"/>
      <line num="24" type="stmt" count="0"/>
      <line num="32" type="stmt" count="0"/>
      <line num="33" type="stmt" count="0"/>
      <line num="34" type="stmt" count="0"/>
      <line num="43" type="stmt" count="0"/>
      <line num="45" type="stmt" count="0"/>
      <line num="49" type="stmt" count="0"/>
      <line num="50" type="stmt" count="0"/>
      <line num="51" type="stmt" count="0"/>
      <line num="52" type="stmt" count="0"/>
      <line num="53" type="stmt" count="0"/>
      <line num="56" type="stmt" count="0"/>
      <line num="57" type="stmt" count="0"/>
      <line num="58" type="stmt" count="0"/>
      <line num="59" type="stmt" count="0"/>
      <line num="62" type="stmt" count="0"/>
      <line num="63" type="stmt" count="0"/>
      <line num="64" type="stmt" count="0"/>
      <line num="65" type="stmt" count="0"/>
      <line num="68" type="stmt" count="0"/>
      <line num="69" type="stmt" count="0"/>
      <line num="70" type="stmt" count="0"/>
      <line num="72" type="stmt" count="0"/>
      <line num="73" type="stmt" count="0"/>
      <line num="74" type="stmt" count="0"/>
      <line num="75" type="stmt" count="0"/>
      <line num="77" type="stmt" count="0"/>
      <line num="82" type="stmt" count="0"/>
      <line num="83" type="stmt" count="0"/>
      <line num="84" type="stmt" count="0"/>
      <line num="86" type="stmt" count="0"/>
      <line num="87" type="stmt" count="0"/>
      <line num="88" type="stmt" count="0"/>
      <line num="89" type="stmt" count="0"/>
      <line num="91" type="stmt" count="0"/>
      <line num="95" type="stmt" count="0"/>
      <line num="96" type="stmt" count="0"/>
      <line num="97" type="stmt" count="0"/>
      <line num="100" type="stmt" count="0"/>
      <line num="101" type="stmt" count="0"/>
      <line num="103" type="stmt" count="0"/>
      <line num="105" type="method" name="inFactoryTextList" visibility="private" complexity="3" crap="12" count="0"/>
      <line num="107" type="stmt" count="0"/>
      <line num="108" type="stmt" count="0"/>
      <line num="109" type="stmt" count="0"/>
      <line num="110" type="stmt" count="0"/>
      <line num="113" type="stmt" count="0"/>
      <line num="116" type="method" name="inFactoryIntList" visibility="private" complexity="3" crap="12" count="0"/>
      <line num="118" type="stmt" count="0"/>
      <line num="119" type="stmt" count="0"/>
      <line num="120" type="stmt" count="0"/>
      <line num="121" type="stmt" count="0"/>
      <line num="124" type="stmt" count="0"/>
      <line num="127" type="method" name="isBoolean" visibility="private" complexity="3" crap="12" count="0"/>
      <line num="129" type="stmt" count="0"/>
      <line num="130" type="stmt" count="0"/>
      <line num="131" type="stmt" count="0"/>
      <line num="132" type="stmt" count="0"/>
      <line num="135" type="stmt" count="0"/>
      <line num="142" type="method" name="containSpecialCases" visibility="private" complexity="3" crap="12" count="0"/>
      <line num="143" type="stmt" count="0"/>
      <line num="144" type="stmt" count="0"/>
      <line num="145" type="stmt" count="0"/>
      <line num="146" type="stmt" count="0"/>
      <line num="149" type="stmt" count="0"/>
      <line num="156" type="method" name="containUniqueWord" visibility="private" complexity="2" crap="6" count="0"/>
      <line num="158" type="stmt" count="0"/>
      <line num="159" type="stmt" count="0"/>
      <line num="161" type="stmt" count="0"/>
      <line num="164" type="method" name="isEnum" visibility="private" complexity="2" crap="6" count="0"/>
      <line num="165" type="stmt" count="0"/>
      <line num="166" type="stmt" count="0"/>
      <line num="168" type="stmt" count="0"/>
      <metrics loc="171" ncloc="151" classes="1" methods="8" coveredmethods="0" conditionals="0" coveredconditionals="0" statements="75" coveredstatements="0" elements="83" coveredelements="0"/>
    </file>
    <file name="C:\xampp_v8\htdocs\laragine\laragine\src\Helpers\MigrationOperation.php">
      <class name="Yepwoo\Laragine\Helpers\MigrationOperation" namespace="global">
        <metrics complexity="32" methods="8" coveredmethods="0" conditionals="0" coveredconditionals="0" statements="77" coveredstatements="0" elements="85" coveredelements="0"/>
      </class>
      <line num="9" type="method" name="__construct" visibility="public" complexity="1" crap="2" count="0"/>
      <line num="11" type="stmt" count="0"/>
      <line num="12" type="stmt" count="0"/>
      <line num="13" type="stmt" count="0"/>
      <line num="14" type="stmt" count="0"/>
      <line num="16" type="method" name="getFormattedAttributes" visibility="public" complexity="12" crap="156" count="0"/>
      <line num="17" type="stmt" count="0"/>
      <line num="18" type="stmt" count="0"/>
      <line num="19" type="stmt" count="0"/>
      <line num="20" type="stmt" count="0"/>
      <line num="21" type="stmt" count="0"/>
      <line num="22" type="stmt" count="0"/>
      <line num="23" type="stmt" count="0"/>
      <line num="24" type="stmt" count="0"/>
      <line num="25" type="stmt" count="0"/>
      <line num="26" type="stmt" count="0"/>
      <line num="27" type="stmt" count="0"/>
      <line num="28" type="stmt" count="0"/>
      <line num="29" type="stmt" count="0"/>
      <line num="30" type="stmt" count="0"/>
      <line num="32" type="stmt" count="0"/>
      <line num="33" type="stmt" count="0"/>
      <line num="34" type="stmt" count="0"/>
      <line num="35" type="stmt" count="0"/>
      <line num="36" type="stmt" count="0"/>
      <line num="37" type="stmt" count="0"/>
      <line num="39" type="stmt" count="0"/>
      <line num="40" type="stmt" count="0"/>
      <line num="42" type="stmt" count="0"/>
      <line num="45" type="stmt" count="0"/>
      <line num="46" type="stmt" count="0"/>
      <line num="51" type="stmt" count="0"/>
      <line num="54" type="stmt" count="0"/>
      <line num="57" type="stmt" count="0"/>
      <line num="59" type="stmt" count="0"/>
      <line num="61" type="method" name="handleTypeCase" visibility="private" complexity="3" crap="12" count="0"/>
      <line num="62" type="stmt" count="0"/>
      <line num="63" type="stmt" count="0"/>
      <line num="64" type="stmt" count="0"/>
      <line num="66" type="stmt" count="0"/>
      <line num="67" type="stmt" count="0"/>
      <line num="68" type="stmt" count="0"/>
      <line num="69" type="stmt" count="0"/>
      <line num="70" type="stmt" count="0"/>
      <line num="71" type="stmt" count="0"/>
      <line num="73" type="stmt" count="0"/>
      <line num="76" type="method" name="multipleOrSingle" visibility="private" complexity="3" crap="12" count="0"/>
      <line num="78" type="stmt" count="0"/>
      <line num="79" type="stmt" count="0"/>
      <line num="80" type="stmt" count="0"/>
      <line num="81" type="stmt" count="0"/>
      <line num="84" type="stmt" count="0"/>
      <line num="87" type="method" name="multipleTypeCase" visibility="private" complexity="8" crap="72" count="0"/>
      <line num="88" type="stmt" count="0"/>
      <line num="89" type="stmt" count="0"/>
      <line num="90" type="stmt" count="0"/>
      <line num="92" type="stmt" count="0"/>
      <line num="94" type="stmt" count="0"/>
      <line num="95" type="stmt" count="0"/>
      <line num="96" type="stmt" count="0"/>
      <line num="98" type="stmt" count="0"/>
      <line num="101" type="stmt" count="0"/>
      <line num="102" type="stmt" count="0"/>
      <line num="103" type="stmt" count="0"/>
      <line num="104" type="stmt" count="0"/>
      <line num="105" type="stmt" count="0"/>
      <line num="107" type="stmt" count="0"/>
      <line num="110" type="stmt" count="0"/>
      <line num="111" type="stmt" count="0"/>
      <line num="112" type="stmt" count="0"/>
      <line num="115" type="stmt" count="0"/>
      <line num="117" type="stmt" count="0"/>
      <line num="118" type="stmt" count="0"/>
      <line num="123" type="stmt" count="0"/>
      <line num="125" type="method" name="singleTypeCase" visibility="private" complexity="3" crap="12" count="0"/>
      <line num="126" type="stmt" count="0"/>
      <line num="127" type="stmt" count="0"/>
      <line num="128" type="stmt" count="0"/>
      <line num="130" type="stmt" count="0"/>
      <line num="131" type="stmt" count="0"/>
      <line num="135" type="stmt" count="0"/>
      <line num="137" type="method" name="isMultipleType" visibility="private" complexity="1" crap="2" count="0"/>
      <line num="139" type="stmt" count="0"/>
      <line num="142" type="method" name="isBoolean" visibility="private" complexity="1" crap="2" count="0"/>
      <line num="144" type="stmt" count="0"/>
      <metrics loc="146" ncloc="138" classes="1" methods="8" coveredmethods="0" conditionals="0" coveredconditionals="0" statements="77" coveredstatements="0" elements="85" coveredelements="0"/>
    </file>
    <file name="C:\xampp_v8\htdocs\laragine\laragine\src\Helpers\Psr4AutoloaderClass.php">
      <class name="Yepwoo\Laragine\Helpers\Psr4AutoloaderClass" namespace="global">
        <metrics complexity="13" methods="5" coveredmethods="0" conditionals="0" coveredconditionals="0" statements="32" coveredstatements="0" elements="37" coveredelements="0"/>
      </class>
      <line num="64" type="method" name="register" visibility="public" complexity="1" crap="2" count="0"/>
      <line num="66" type="stmt" count="0"/>
      <line num="67" type="stmt" count="0"/>
      <line num="80" type="method" name="addNamespace" visibility="public" complexity="3" crap="12" count="0"/>
      <line num="83" type="stmt" count="0"/>
      <line num="86" type="stmt" count="0"/>
      <line num="89" type="stmt" count="0"/>
      <line num="90" type="stmt" count="0"/>
      <line num="94" type="stmt" count="0"/>
      <line num="95" type="stmt" count="0"/>
      <line num="97" type="stmt" count="0"/>
      <line num="99" type="stmt" count="0"/>
      <line num="108" type="method" name="loadClass" visibility="public" complexity="3" crap="12" count="0"/>
      <line num="111" type="stmt" count="0"/>
      <line num="115" type="stmt" count="0"/>
      <line num="118" type="stmt" count="0"/>
      <line num="121" type="stmt" count="0"/>
      <line num="124" type="stmt" count="0"/>
      <line num="125" type="stmt" count="0"/>
      <line num="126" type="stmt" count="0"/>
      <line num="131" type="stmt" count="0"/>
      <line num="135" type="stmt" count="0"/>
      <line num="146" type="method" name="loadMappedFile" visibility="protected" complexity="4" crap="20" count="0"/>
      <line num="149" type="stmt" count="0"/>
      <line num="150" type="stmt" count="0"/>
      <line num="154" type="stmt" count="0"/>
      <line num="159" type="stmt" count="0"/>
      <line num="160" type="stmt" count="0"/>
      <line num="161" type="stmt" count="0"/>
      <line num="164" type="stmt" count="0"/>
      <line num="166" type="stmt" count="0"/>
      <line num="171" type="stmt" count="0"/>
      <line num="180" type="method" name="requireFile" visibility="protected" complexity="2" crap="6" count="0"/>
      <line num="182" type="stmt" count="0"/>
      <line num="183" type="stmt" count="0"/>
      <line num="184" type="stmt" count="0"/>
      <line num="186" type="stmt" count="0"/>
      <line num="188" type="stmt" count="0"/>
      <metrics loc="187" ncloc="100" classes="1" methods="5" coveredmethods="0" conditionals="0" coveredconditionals="0" statements="32" coveredstatements="0" elements="37" coveredelements="0"/>
    </file>
    <file name="C:\xampp_v8\htdocs\laragine\laragine\src\Helpers\RequestOperation.php">
      <class name="Yepwoo\Laragine\Helpers\RequestOperation" namespace="global">
        <metrics complexity="17" methods="4" coveredmethods="0" conditionals="0" coveredconditionals="0" statements="38" coveredstatements="0" elements="42" coveredelements="0"/>
      </class>
      <line num="11" type="method" name="__construct" visibility="public" complexity="1" crap="2" count="0"/>
      <line num="13" type="stmt" count="0"/>
      <line num="14" type="stmt" count="0"/>
      <line num="16" type="stmt" count="0"/>
      <line num="18" type="stmt" count="0"/>
      <line num="23" type="method" name="isInRequestArray" visibility="public" complexity="3" crap="12" count="0"/>
      <line num="25" type="stmt" count="0"/>
      <line num="26" type="stmt" count="0"/>
      <line num="27" type="stmt" count="0"/>
      <line num="28" type="stmt" count="0"/>
      <line num="31" type="stmt" count="0"/>
      <line num="34" type="method" name="handleRequestFile" visibility="public" complexity="8" crap="72" count="0"/>
      <line num="36" type="stmt" count="0"/>
      <line num="37" type="stmt" count="0"/>
      <line num="39" type="stmt" count="0"/>
      <line num="40" type="stmt" count="0"/>
      <line num="41" type="stmt" count="0"/>
      <line num="42" type="stmt" count="0"/>
      <line num="43" type="stmt" count="0"/>
      <line num="45" type="stmt" count="0"/>
      <line num="46" type="stmt" count="0"/>
      <line num="49" type="stmt" count="0"/>
      <line num="50" type="stmt" count="0"/>
      <line num="53" type="stmt" count="0"/>
      <line num="54" type="stmt" count="0"/>
      <line num="55" type="stmt" count="0"/>
      <line num="56" type="stmt" count="0"/>
      <line num="59" type="stmt" count="0"/>
      <line num="60" type="stmt" count="0"/>
      <line num="62" type="stmt" count="0"/>
      <line num="66" type="stmt" count="0"/>
      <line num="68" type="stmt" count="0"/>
      <line num="70" type="method" name="addModifiers" visibility="private" complexity="5" crap="30" count="0"/>
      <line num="71" type="stmt" count="0"/>
      <line num="72" type="stmt" count="0"/>
      <line num="73" type="stmt" count="0"/>
      <line num="74" type="stmt" count="0"/>
      <line num="75" type="stmt" count="0"/>
      <line num="77" type="stmt" count="0"/>
      <line num="78" type="stmt" count="0"/>
      <line num="80" type="stmt" count="0"/>
      <line num="84" type="stmt" count="0"/>
      <metrics loc="86" ncloc="81" classes="1" methods="4" coveredmethods="0" conditionals="0" coveredconditionals="0" statements="38" coveredstatements="0" elements="42" coveredelements="0"/>
    </file>
    <file name="C:\xampp_v8\htdocs\laragine\laragine\src\Helpers\ResourceOperation.php">
      <class name="Yepwoo\Laragine\Helpers\ResourceOperation" namespace="global">
        <metrics complexity="4" methods="2" coveredmethods="0" conditionals="0" coveredconditionals="0" statements="9" coveredstatements="0" elements="11" coveredelements="0"/>
      </class>
      <line num="7" type="method" name="__construct" visibility="public" complexity="1" crap="2" count="0"/>
      <line num="9" type="stmt" count="0"/>
      <line num="10" type="stmt" count="0"/>
      <line num="12" type="stmt" count="0"/>
      <line num="13" type="stmt" count="0"/>
      <line num="15" type="method" name="getFormattedResourceStr" visibility="public" complexity="3" crap="12" count="0"/>
      <line num="16" type="stmt" count="0"/>
      <line num="17" type="stmt" count="0"/>
      <line num="18" type="stmt" count="0"/>
      <line num="20" type="stmt" count="0"/>
      <line num="24" type="stmt" count="0"/>
      <metrics loc="25" ncloc="24" classes="1" methods="2" coveredmethods="0" conditionals="0" coveredconditionals="0" statements="9" coveredstatements="0" elements="11" coveredelements="0"/>
    </file>
    <file name="C:\xampp_v8\htdocs\laragine\laragine\src\Logic\FileManipulator.php">
      <class name="Yepwoo\Laragine\Logic\FileManipulator" namespace="global">
        <metrics complexity="15" methods="6" coveredmethods="0" conditionals="0" coveredconditionals="0" statements="34" coveredstatements="0" elements="40" coveredelements="0"/>
      </class>
      <line num="21" type="method" name="generate_2" visibility="public" complexity="10" crap="110" count="0"/>
      <line num="23" type="stmt" count="0"/>
      <line num="24" type="stmt" count="0"/>
      <line num="25" type="stmt" count="0"/>
      <line num="26" type="stmt" count="0"/>
      <line num="28" type="stmt" count="0"/>
      <line num="29" type="stmt" count="0"/>
      <line num="30" type="stmt" count="0"/>
      <line num="32" type="stmt" count="0"/>
      <line num="33" type="stmt" count="0"/>
      <line num="34" type="stmt" count="0"/>
      <line num="35" type="stmt" count="0"/>
      <line num="37" type="stmt" count="0"/>
      <line num="38" type="stmt" count="0"/>
      <line num="42" type="stmt" count="0"/>
      <line num="43" type="stmt" count="0"/>
      <line num="46" type="stmt" count="0"/>
      <line num="47" type="stmt" count="0"/>
      <line num="49" type="stmt" count="0"/>
      <line num="53" type="stmt" count="0"/>
      <line num="54" type="stmt" count="0"/>
      <line num="55" type="stmt" count="0"/>
      <line num="57" type="stmt" count="0"/>
      <line num="60" type="stmt" count="0"/>
      <line num="68" type="method" name="exists" visibility="public" complexity="1" crap="2" count="0"/>
      <line num="70" type="stmt" count="0"/>
      <line num="73" type="method" name="getTemplate" visibility="public" complexity="1" crap="2" count="0"/>
      <line num="75" type="stmt" count="0"/>
      <line num="76" type="stmt" count="0"/>
      <line num="77" type="stmt" count="0"/>
      <line num="81" type="method" name="generate" visibility="public" complexity="1" crap="2" count="0"/>
      <line num="83" type="stmt" count="0"/>
      <line num="84" type="stmt" count="0"/>
      <line num="86" type="stmt" count="0"/>
      <line num="87" type="stmt" count="0"/>
      <line num="89" type="method" name="setMainPath" visibility="private" complexity="1" crap="2" count="0"/>
      <line num="90" type="stmt" count="0"/>
      <line num="91" type="stmt" count="0"/>
      <line num="93" type="method" name="getMainPath" visibility="private" complexity="1" crap="2" count="0"/>
      <line num="94" type="stmt" count="0"/>
      <metrics loc="96" ncloc="80" classes="1" methods="6" coveredmethods="0" conditionals="0" coveredconditionals="0" statements="34" coveredstatements="0" elements="40" coveredelements="0"/>
    </file>
    <file name="C:\xampp_v8\htdocs\laragine\laragine\src\Logic\StringManipulator.php">
      <class name="Yepwoo\Laragine\Logic\StringManipulator" namespace="global">
        <metrics complexity="1" methods="1" coveredmethods="0" conditionals="0" coveredconditionals="0" statements="8" coveredstatements="0" elements="9" coveredelements="0"/>
      </class>
      <line num="15" type="method" name="generate" visibility="public" complexity="1" crap="2" count="0"/>
      <line num="17" type="stmt" count="0"/>
      <line num="18" type="stmt" count="0"/>
      <line num="19" type="stmt" count="0"/>
      <line num="22" type="stmt" count="0"/>
      <line num="23" type="stmt" count="0"/>
      <line num="24" type="stmt" count="0"/>
      <line num="25" type="stmt" count="0"/>
      <line num="26" type="stmt" count="0"/>
      <metrics loc="29" ncloc="23" classes="1" methods="1" coveredmethods="0" conditionals="0" coveredconditionals="0" statements="8" coveredstatements="0" elements="9" coveredelements="0"/>
    </file>
    <file name="C:\xampp_v8\htdocs\laragine\laragine\src\Logic\Validator.php">
      <class name="Yepwoo\Laragine\Logic\Validator" namespace="global">
        <metrics complexity="2" methods="2" coveredmethods="0" conditionals="0" coveredconditionals="0" statements="5" coveredstatements="0" elements="7" coveredelements="0"/>
      </class>
      <line num="26" type="method" name="output" visibility="public" complexity="1" crap="2" count="0"/>
      <line num="29" type="stmt" count="0"/>
      <line num="30" type="stmt" count="0"/>
      <line num="34" type="method" name="method_1" visibility="public" complexity="1" crap="2" count="0"/>
      <line num="38" type="stmt" count="0"/>
      <line num="39" type="stmt" count="0"/>
      <line num="40" type="stmt" count="0"/>
      <metrics loc="41" ncloc="25" classes="1" methods="2" coveredmethods="0" conditionals="0" coveredconditionals="0" statements="5" coveredstatements="0" elements="7" coveredelements="0"/>
    </file>
    <file name="C:\xampp_v8\htdocs\laragine\laragine\src\Logic\Validators\BaseValidator.php">
      <class name="Yepwoo\Laragine\Logic\Validators\BaseValidator" namespace="global">
        <metrics complexity="5" methods="4" coveredmethods="0" conditionals="0" coveredconditionals="0" statements="9" coveredstatements="0" elements="13" coveredelements="0"/>
      </class>
      <line num="28" type="method" name="__construct" visibility="public" complexity="1" crap="2" count="0"/>
      <line num="29" type="stmt" count="0"/>
      <line num="30" type="stmt" count="0"/>
      <line num="31" type="stmt" count="0"/>
      <line num="39" type="method" name="isExists" visibility="public" complexity="2" crap="6" count="0"/>
      <line num="42" type="stmt" count="0"/>
      <line num="43" type="stmt" count="0"/>
      <line num="44" type="stmt" count="0"/>
      <line num="46" type="stmt" count="0"/>
      <line num="54" type="method" name="isFolderExist" visibility="public" complexity="1" crap="2" count="0"/>
      <line num="56" type="stmt" count="0"/>
      <line num="58" type="method" name="stillValid" visibility="protected" complexity="1" crap="2" count="0"/>
      <line num="59" type="stmt" count="0"/>
      <line num="61" type="stmt" count="0"/>
      <metrics loc="60" ncloc="33" classes="1" methods="4" coveredmethods="0" conditionals="0" coveredconditionals="0" statements="9" coveredstatements="0" elements="13" coveredelements="0"/>
    </file>
    <file name="C:\xampp_v8\htdocs\laragine\laragine\src\Logic\Validators\Commands\UnitValidator.php">
      <metrics loc="0" ncloc="0" classes="0" methods="0" coveredmethods="0" conditionals="0" coveredconditionals="0" statements="0" coveredstatements="0" elements="0" coveredelements="0"/>
    </file>
    <file name="C:\xampp_v8\htdocs\laragine\laragine\src\Logic\Validators\ValidatorFactory.php">
      <class name="Yepwoo\Laragine\Logic\Coomands\validators\ValidatorFactory" namespace="global">
        <metrics complexity="2" methods="2" coveredmethods="0" conditionals="0" coveredconditionals="0" statements="4" coveredstatements="0" elements="6" coveredelements="0"/>
      </class>
      <line num="10" type="method" name="create" visibility="public" complexity="1" crap="2" count="0"/>
      <line num="12" type="stmt" count="0"/>
      <line num="13" type="stmt" count="0"/>
      <line num="14" type="stmt" count="0"/>
      <line num="17" type="method" name="getNameSpace" visibility="private" complexity="1" crap="2" count="0"/>
      <line num="19" type="stmt" count="0"/>
      <metrics loc="22" ncloc="22" classes="1" methods="2" coveredmethods="0" conditionals="0" coveredconditionals="0" statements="4" coveredstatements="0" elements="6" coveredelements="0"/>
    </file>
    <file name="C:\xampp_v8\htdocs\laragine\laragine\src\Logic\Validators\ValidatorInterface.php">
      <metrics loc="7" ncloc="7" classes="0" methods="0" coveredmethods="0" conditionals="0" coveredconditionals="0" statements="0" coveredstatements="0" elements="0" coveredelements="0"/>
    </file>
    <file name="C:\xampp_v8\htdocs\laragine\laragine\src\ModuleServiceProvider.php">
      <class name="Yepwoo\Laragine\ModuleServiceProvider" namespace="global">
        <metrics complexity="4" methods="2" coveredmethods="0" conditionals="0" coveredconditionals="0" statements="9" coveredstatements="0" elements="11" coveredelements="0"/>
      </class>
      <line num="14" type="method" name="register" visibility="public" complexity="2" crap="6" count="0"/>
      <line num="16" type="stmt" count="0"/>
      <line num="18" type="stmt" count="0"/>
      <line num="20" type="stmt" count="0"/>
      <line num="21" type="stmt" count="0"/>
      <line num="23" type="stmt" count="0"/>
      <line num="30" type="method" name="boot" visibility="public" complexity="2" crap="6" count="0"/>
      <line num="32" type="stmt" count="0"/>
      <line num="36" type="stmt" count="0"/>
      <line num="37" type="stmt" count="0"/>
      <line num="42" type="stmt" count="0"/>
      <metrics loc="43" ncloc="33" classes="1" methods="2" coveredmethods="0" conditionals="0" coveredconditionals="0" statements="9" coveredstatements="0" elements="11" coveredelements="0"/>
    </file>
    <file name="C:\xampp_v8\htdocs\laragine\laragine\src\Traits\Exceptions\Handler.php">
      <class name="Yepwoo\Laragine\Traits\Exceptions\Handler" namespace="global">
        <metrics complexity="2" methods="1" coveredmethods="0" conditionals="0" coveredconditionals="0" statements="17" coveredstatements="0" elements="18" coveredelements="0"/>
      </class>
      <line num="10" type="stmt" count="0"/>
      <line num="11" type="stmt" count="0"/>
      <line num="23" type="method" name="handleExceptions" visibility="public" complexity="2" crap="6" count="0"/>
      <line num="25" type="stmt" count="0"/>
      <line num="26" type="stmt" count="0"/>
      <line num="27" type="stmt" count="0"/>
      <line num="29" type="stmt" count="0"/>
      <line num="30" type="stmt" count="0"/>
      <line num="31" type="stmt" count="0"/>
      <line num="33" type="stmt" count="0"/>
      <line num="34" type="stmt" count="0"/>
      <line num="35" type="stmt" count="0"/>
      <line num="36" type="stmt" count="0"/>
      <line num="37" type="stmt" count="0"/>
      <line num="41" type="stmt" count="0"/>
      <line num="42" type="stmt" count="0"/>
      <line num="44" type="stmt" count="0"/>
      <line num="45" type="stmt" count="0"/>
      <line num="46" type="stmt" count="0"/>
      <line num="47" type="stmt" count="0"/>
      <metrics loc="48" ncloc="43" classes="1" methods="1" coveredmethods="0" conditionals="0" coveredconditionals="0" statements="19" coveredstatements="0" elements="20" coveredelements="0"/>
    </file>
    <file name="C:\xampp_v8\htdocs\laragine\laragine\src\autoload.php">
      <line num="3" type="stmt" count="0"/>
      <line num="5" type="stmt" count="0"/>
      <metrics loc="4" ncloc="4" classes="0" methods="0" coveredmethods="0" conditionals="0" coveredconditionals="0" statements="1" coveredstatements="0" elements="1" coveredelements="0"/>
    </file>
    <file name="C:\xampp_v8\htdocs\laragine\laragine\src\config.php">
      <line num="13" type="stmt" count="0"/>
      <metrics loc="170" ncloc="130" classes="0" methods="0" coveredmethods="0" conditionals="0" coveredconditionals="0" statements="1" coveredstatements="0" elements="1" coveredelements="0"/>
    </file>
    <file name="C:\xampp_v8\htdocs\laragine\laragine\src\helpers.php">
      <line num="17" type="stmt" count="0"/>
      <line num="31" type="stmt" count="0"/>
      <line num="33" type="stmt" count="0"/>
      <line num="35" type="stmt" count="0"/>
      <line num="36" type="stmt" count="0"/>
      <line num="39" type="stmt" count="0"/>
      <line num="40" type="stmt" count="0"/>
      <line num="42" type="stmt" count="0"/>
      <line num="43" type="stmt" count="0"/>
      <line num="44" type="stmt" count="0"/>
      <line num="47" type="stmt" count="0"/>
      <line num="51" type="stmt" count="0"/>
      <line num="65" type="stmt" count="0"/>
      <line num="68" type="stmt" count="0"/>
      <line num="70" type="stmt" count="0"/>
      <line num="72" type="stmt" count="0"/>
      <line num="73" type="stmt" count="0"/>
      <line num="88" type="stmt" count="0"/>
      <line num="104" type="stmt" count="0"/>
      <line num="112" type="stmt" count="0"/>
      <line num="119" type="stmt" count="0"/>
      <line num="120" type="stmt" count="0"/>
      <line num="122" type="stmt" count="0"/>
      <line num="123" type="stmt" count="0"/>
      <line num="126" type="stmt" count="0"/>
      <line num="128" type="stmt" count="0"/>
      <line num="130" type="stmt" count="0"/>
      <line num="143" type="stmt" count="0"/>
      <line num="144" type="stmt" count="0"/>
      <line num="146" type="stmt" count="0"/>
      <line num="148" type="stmt" count="0"/>
      <line num="150" type="stmt" count="0"/>
      <line num="168" type="stmt" count="0"/>
      <line num="169" type="stmt" count="0"/>
      <line num="170" type="stmt" count="0"/>
      <line num="171" type="stmt" count="0"/>
      <line num="173" type="stmt" count="0"/>
      <line num="174" type="stmt" count="0"/>
      <line num="175" type="stmt" count="0"/>
      <line num="176" type="stmt" count="0"/>
      <line num="178" type="stmt" count="0"/>
      <line num="179" type="stmt" count="0"/>
      <line num="180" type="stmt" count="0"/>
      <line num="182" type="stmt" count="0"/>
      <line num="184" type="stmt" count="0"/>
      <line num="195" type="stmt" count="0"/>
      <line num="196" type="stmt" count="0"/>
      <line num="197" type="stmt" count="0"/>
      <line num="198" type="stmt" count="0"/>
      <line num="201" type="stmt" count="0"/>
      <line num="212" type="stmt" count="0"/>
      <line num="213" type="stmt" count="0"/>
      <line num="214" type="stmt" count="0"/>
      <line num="215" type="stmt" count="0"/>
      <line num="216" type="stmt" count="0"/>
      <line num="217" type="stmt" count="0"/>
      <line num="218" type="stmt" count="0"/>
      <line num="219" type="stmt" count="0"/>
      <line num="220" type="stmt" count="0"/>
      <line num="221" type="stmt" count="0"/>
      <line num="224" type="stmt" count="0"/>
      <line num="225" type="stmt" count="0"/>
      <line num="228" type="stmt" count="0"/>
      <line num="229" type="stmt" count="0"/>
      <line num="230" type="stmt" count="0"/>
      <line num="232" type="stmt" count="0"/>
      <line num="236" type="stmt" count="0"/>
      <line num="237" type="stmt" count="0"/>
      <line num="238" type="stmt" count="0"/>
      <line num="241" type="stmt" count="0"/>
      <line num="242" type="stmt" count="0"/>
      <line num="244" type="stmt" count="0"/>
      <line num="245" type="stmt" count="0"/>
      <line num="248" type="stmt" count="0"/>
      <line num="249" type="stmt" count="0"/>
      <line num="253" type="stmt" count="0"/>
      <line num="256" type="stmt" count="0"/>
      <line num="257" type="stmt" count="0"/>
      <line num="261" type="stmt" count="0"/>
      <line num="262" type="stmt" count="0"/>
      <line num="263" type="stmt" count="0"/>
      <line num="266" type="stmt" count="0"/>
      <line num="267" type="stmt" count="0"/>
      <line num="273" type="stmt" count="0"/>
      <line num="274" type="stmt" count="0"/>
      <line num="277" type="stmt" count="0"/>
      <line num="278" type="stmt" count="0"/>
      <line num="279" type="stmt" count="0"/>
      <line num="280" type="stmt" count="0"/>
      <line num="281" type="stmt" count="0"/>
      <line num="282" type="stmt" count="0"/>
      <line num="289" type="stmt" count="0"/>
      <line num="290" type="stmt" count="0"/>
      <line num="291" type="stmt" count="0"/>
      <line num="292" type="stmt" count="0"/>
      <line num="295" type="stmt" count="0"/>
      <line num="297" type="stmt" count="0"/>
      <line num="301" type="stmt" count="0"/>
      <line num="313" type="stmt" count="0"/>
      <line num="314" type="stmt" count="0"/>
      <line num="317" type="stmt" count="0"/>
      <line num="329" type="stmt" count="0"/>
      <line num="330" type="stmt" count="0"/>
      <line num="331" type="stmt" count="0"/>
      <line num="345" type="stmt" count="0"/>
      <line num="346" type="stmt" count="0"/>
      <line num="347" type="stmt" count="0"/>
      <line num="349" type="stmt" count="0"/>
      <line num="350" type="stmt" count="0"/>
      <line num="352" type="stmt" count="0"/>
      <line num="353" type="stmt" count="0"/>
      <line num="354" type="stmt" count="0"/>
      <line num="356" type="stmt" count="0"/>
      <line num="362" type="stmt" count="0"/>
      <line num="363" type="stmt" count="0"/>
      <line num="365" type="stmt" count="0"/>
      <line num="366" type="stmt" count="0"/>
      <line num="367" type="stmt" count="0"/>
      <line num="370" type="stmt" count="0"/>
      <line num="371" type="stmt" count="0"/>
      <line num="372" type="stmt" count="0"/>
      <line num="373" type="stmt" count="0"/>
      <line num="375" type="stmt" count="0"/>
      <line num="376" type="stmt" count="0"/>
      <line num="377" type="stmt" count="0"/>
      <line num="378" type="stmt" count="0"/>
      <line num="379" type="stmt" count="0"/>
      <line num="381" type="stmt" count="0"/>
      <line num="382" type="stmt" count="0"/>
      <line num="383" type="stmt" count="0"/>
      <line num="384" type="stmt" count="0"/>
      <line num="385" type="stmt" count="0"/>
      <line num="386" type="stmt" count="0"/>
      <line num="387" type="stmt" count="0"/>
      <line num="389" type="stmt" count="0"/>
      <line num="390" type="stmt" count="0"/>
      <line num="391" type="stmt" count="0"/>
      <line num="392" type="stmt" count="0"/>
      <line num="393" type="stmt" count="0"/>
      <line num="395" type="stmt" count="0"/>
      <metrics loc="397" ncloc="307" classes="0" methods="0" coveredmethods="0" conditionals="0" coveredconditionals="0" statements="140" coveredstatements="0" elements="140" coveredelements="0"/>
    </file>
    <metrics files="42" loc="2747" ncloc="2196" classes="24" methods="93" coveredmethods="0" conditionals="0" coveredconditionals="0" statements="793" coveredstatements="0" elements="886" coveredelements="0"/>
  </project>
</coverage>
